<?xml version="1.0" encoding="UTF-8"?>
<testsuite xmlns:xsi="http://www.w3.org/2001/XMLSchema-instance" xsi:noNamespaceSchemaLocation="https://maven.apache.org/surefire/maven-surefire-plugin/xsd/surefire-test-report.xsd" name="UpdateUserTest" time="2.363" tests="2" errors="0" skipped="0" failures="0">
  <properties>
[...]
</properties>
  <testcase name="updateWithoutAuthorizationTest" classname="UpdateUserTest" time="0.981"/>
  <testcase name="updateWithAuthorizationTest" classname="UpdateUserTest" time="1.382"/>
</testsuite>