<?xml version="1.0" encoding="UTF-8"?>
<testsuite xmlns:xsi="http://www.w3.org/2001/XMLSchema-instance" xsi:noNamespaceSchemaLocation="https://maven.apache.org/surefire/maven-surefire-plugin/xsd/surefire-test-report.xsd" name="CreateOrderTest" time="6.031" tests="5" errors="0" skipped="0" failures="0">
  <properties>
[...]
</properties>
  <testcase name="createOrderWithoutAuthorizationTest" classname="CreateOrderTest" time="0.818"/>
  <testcase name="createOrderWithAuthorizationTest" classname="CreateOrderTest" time="1.616"/>
  <testcase name="createOrderWithIngredientsTest" classname="CreateOrderTest" time="1.579"/>
  <testcase name="createOrderWithIncorrectIngredientsHashTest" classname="CreateOrderTest" time="1.072"/>
  <testcase name="createOrderWithoutIngredientsTest" classname="CreateOrderTest" time="0.946"/>
</testsuite>